# JRE version: OpenJDK Runtime Environment (11.0.13) (build 11.0.13+0-b1751.21-8125866)
# Java VM: OpenJDK 64-Bit Server VM (11.0.13+0-b1751.21-8125866, mixed mode, tiered, compressed oops, g1 gc, windows-amd64)
Heap:
 garbage-first heap   total 572416K, used 193069K [0x0000000080000000, 0x0000000100000000)
  region size 1024K, 6 young (6144K), 6 survivors (6144K)
 Metaspace       used 102333K, capacity 104813K, committed 107560K, reserved 1142784K
  class space    used 13120K, capacity 14061K, committed 15180K, reserved 1048576K
GC Heap History (20 events):
Event: 16.723 GC heap after
{Heap after GC invocations=21 (full 0):
 garbage-first heap   total 258048K, used 159380K [0x0000000080000000, 0x0000000100000000)
  region size 1024K, 7 young (7168K), 7 survivors (7168K)
 Metaspace       used 100276K, capacity 103572K, committed 103720K, reserved 1138688K
  class space    used 13219K, capacity 14603K, committed 14668K, reserved 1048576K
}
Event: 16.810 GC heap before
{Heap before GC invocations=21 (full 0):
 garbage-first heap   total 258048K, used 208532K [0x0000000080000000, 0x0000000100000000)
  region size 1024K, 55 young (56320K), 7 survivors (7168K)
 Metaspace       used 101535K, capacity 104987K, committed 105256K, reserved 1140736K
  class space    used 13429K, capacity 14850K, committed 14924K, reserved 1048576K
}
Event: 16.819 GC heap after
{Heap after GC invocations=22 (full 0):
 garbage-first heap   total 258048K, used 168084K [0x0000000080000000, 0x0000000100000000)
  region size 1024K, 7 young (7168K), 7 survivors (7168K)
 Metaspace       used 101535K, capacity 104987K, committed 105256K, reserved 1140736K
  class space    used 13429K, capacity 14850K, committed 14924K, reserved 1048576K
}
Event: 16.911 GC heap before
{Heap before GC invocations=22 (full 0):
 garbage-first heap   total 258048K, used 211092K [0x0000000080000000, 0x0000000100000000)
  region size 1024K, 49 young (50176K), 7 survivors (7168K)
 Metaspace       used 100874K, capacity 103508K, committed 105896K, reserved 1140736K
  class space    used 13064K, capacity 14093K, committed 15052K, reserved 1048576K
}
Event: 16.920 GC heap after
{Heap after GC invocations=23 (full 0):
 garbage-first heap   total 258048K, used 175676K [0x0000000080000000, 0x0000000100000000)
  region size 1024K, 7 young (7168K), 7 survivors (7168K)
 Metaspace       used 100874K, capacity 103508K, committed 105896K, reserved 1140736K
  class space    used 13064K, capacity 14093K, committed 15052K, reserved 1048576K
}
Event: 16.982 GC heap before
{Heap before GC invocations=24 (full 0):
 garbage-first heap   total 258048K, used 214588K [0x0000000080000000, 0x0000000100000000)
  region size 1024K, 45 young (46080K), 7 survivors (7168K)
 Metaspace       used 101362K, capacity 103996K, committed 106536K, reserved 1140736K
  class space    used 13127K, capacity 14144K, committed 15180K, reserved 1048576K
}
Event: 16.991 GC heap after
{Heap after GC invocations=25 (full 0):
 garbage-first heap   total 258048K, used 180360K [0x0000000080000000, 0x0000000100000000)
  region size 1024K, 5 young (5120K), 5 survivors (5120K)
 Metaspace       used 101362K, capacity 103996K, committed 106536K, reserved 1140736K
  class space    used 13127K, capacity 14144K, committed 15180K, reserved 1048576K
}
Event: 17.000 GC heap before
{Heap before GC invocations=25 (full 0):
 garbage-first heap   total 258048K, used 187528K [0x0000000080000000, 0x0000000100000000)
  region size 1024K, 12 young (12288K), 5 survivors (5120K)
 Metaspace       used 101417K, capacity 104038K, committed 106536K, reserved 1140736K
  class space    used 13132K, capacity 14177K, committed 15180K, reserved 1048576K
}
Event: 17.005 GC heap after
{Heap after GC invocations=26 (full 0):
 garbage-first heap   total 258048K, used 175969K [0x0000000080000000, 0x0000000100000000)
  region size 1024K, 2 young (2048K), 2 survivors (2048K)
 Metaspace       used 101417K, capacity 104038K, committed 106536K, reserved 1140736K
  class space    used 13132K, capacity 14177K, committed 15180K, reserved 1048576K
}
Event: 17.051 GC heap before
{Heap before GC invocations=26 (full 0):
 garbage-first heap   total 258048K, used 214881K [0x0000000080000000, 0x0000000100000000)
  region size 1024K, 40 young (40960K), 2 survivors (2048K)
 Metaspace       used 101669K, capacity 104319K, committed 106792K, reserved 1140736K
  class space    used 13148K, capacity 14181K, committed 15180K, reserved 1048576K
}
Event: 17.056 GC heap after
{Heap after GC invocations=27 (full 0):
 garbage-first heap   total 258048K, used 178678K [0x0000000080000000, 0x0000000100000000)
  region size 1024K, 4 young (4096K), 4 survivors (4096K)
 Metaspace       used 101669K, capacity 104319K, committed 106792K, reserved 1140736K
  class space    used 13148K, capacity 14181K, committed 15180K, reserved 1048576K
}
Event: 17.101 GC heap before
{Heap before GC invocations=27 (full 0):
 garbage-first heap   total 258048K, used 217590K [0x0000000080000000, 0x0000000100000000)
  region size 1024K, 42 young (43008K), 4 survivors (4096K)
 Metaspace       used 101812K, capacity 104448K, committed 106792K, reserved 1140736K
  class space    used 13151K, capacity 14181K, committed 15180K, reserved 1048576K
}
Event: 17.108 GC heap after
{Heap after GC invocations=28 (full 0):
 garbage-first heap   total 310272K, used 181810K [0x0000000080000000, 0x0000000100000000)
  region size 1024K, 4 young (4096K), 4 survivors (4096K)
 Metaspace       used 101812K, capacity 104448K, committed 106792K, reserved 1140736K
  class space    used 13151K, capacity 14181K, committed 15180K, reserved 1048576K
}
Event: 17.207 GC heap before
{Heap before GC invocations=28 (full 0):
 garbage-first heap   total 310272K, used 245298K [0x0000000080000000, 0x0000000100000000)
  region size 1024K, 66 young (67584K), 4 survivors (4096K)
 Metaspace       used 102361K, capacity 105031K, committed 107304K, reserved 1142784K
  class space    used 13195K, capacity 14224K, committed 15180K, reserved 1048576K
}
Event: 17.214 GC heap after
{Heap after GC invocations=29 (full 0):
 garbage-first heap   total 310272K, used 185255K [0x0000000080000000, 0x0000000100000000)
  region size 1024K, 7 young (7168K), 7 survivors (7168K)
 Metaspace       used 102361K, capacity 105031K, committed 107304K, reserved 1142784K
  class space    used 13195K, capacity 14224K, committed 15180K, reserved 1048576K
}
Event: 17.317 GC heap before
{Heap before GC invocations=29 (full 0):
 garbage-first heap   total 310272K, used 248742K [0x0000000080000000, 0x0000000100000000)
  region size 1024K, 70 young (71680K), 7 survivors (7168K)
 Metaspace       used 102164K, capacity 104655K, committed 107560K, reserved 1142784K
  class space    used 13089K, capacity 14051K, committed 15180K, reserved 1048576K
}
Event: 17.324 GC heap after
{Heap after GC invocations=30 (full 0):
 garbage-first heap   total 310272K, used 188209K [0x0000000080000000, 0x0000000100000000)
  region size 1024K, 7 young (7168K), 7 survivors (7168K)
 Metaspace       used 102164K, capacity 104655K, committed 107560K, reserved 1142784K
  class space    used 13089K, capacity 14051K, committed 15180K, reserved 1048576K
}
Event: 17.396 GC heap before
{Heap before GC invocations=31 (full 0):
 garbage-first heap   total 310272K, used 252721K [0x0000000080000000, 0x0000000100000000)
  region size 1024K, 71 young (72704K), 7 survivors (7168K)
 Metaspace       used 102288K, capacity 104795K, committed 107560K, reserved 1142784K
  class space    used 13112K, capacity 14055K, committed 15180K, reserved 1048576K
}
Event: 17.402 GC heap after
{Heap after GC invocations=32 (full 0):
 garbage-first heap   total 310272K, used 190994K [0x0000000080000000, 0x0000000100000000)
  region size 1024K, 6 young (6144K), 6 survivors (6144K)
 Metaspace       used 102288K, capacity 104795K, committed 107560K, reserved 1142784K
  class space    used 13112K, capacity 14055K, committed 15180K, reserved 1048576K
}
Event: 17.478 GC heap before
{Heap before GC invocations=32 (full 0):
 garbage-first heap   total 310272K, used 257554K [0x0000000080000000, 0x0000000100000000)
  region size 1024K, 71 young (72704K), 6 survivors (6144K)
 Metaspace       used 102333K, capacity 104813K, committed 107560K, reserved 1142784K
  class space    used 13120K, capacity 14061K, committed 15180K, reserved 1048576K
}

