# JRE version: OpenJDK Runtime Environment (11.0.13) (build 11.0.13+0-b1751.21-8125866)
# Java VM: OpenJDK 64-Bit Server VM (11.0.13+0-b1751.21-8125866, mixed mode, tiered, compressed oops, g1 gc, windows-amd64)
Heap:
 garbage-first heap   total 258048K, used 73901K [0x0000000080000000, 0x0000000100000000)
  region size 1024K, 30 young (30720K), 11 survivors (11264K)
 Metaspace       used 67227K, capacity 68964K, committed 69072K, reserved 1110016K
  class space    used 8404K, capacity 9015K, committed 9088K, reserved 1048576K
GC Heap History (16 events):
Event: 0.377 GC heap before
{Heap before GC invocations=0 (full 0):
 garbage-first heap   total 258048K, used 29696K [0x0000000080000000, 0x0000000100000000)
  region size 1024K, 24 young (24576K), 0 survivors (0K)
 Metaspace       used 9822K, capacity 10032K, committed 10368K, reserved 1058816K
  class space    used 999K, capacity 1069K, committed 1152K, reserved 1048576K
}
Event: 0.381 GC heap after
{Heap after GC invocations=1 (full 0):
 garbage-first heap   total 258048K, used 9012K [0x0000000080000000, 0x0000000100000000)
  region size 1024K, 3 young (3072K), 3 survivors (3072K)
 Metaspace       used 9822K, capacity 10032K, committed 10368K, reserved 1058816K
  class space    used 999K, capacity 1069K, committed 1152K, reserved 1048576K
}
Event: 1.499 GC heap before
{Heap before GC invocations=1 (full 0):
 garbage-first heap   total 258048K, used 114484K [0x0000000080000000, 0x0000000100000000)
  region size 1024K, 107 young (109568K), 3 survivors (3072K)
 Metaspace       used 20829K, capacity 21191K, committed 21296K, reserved 1069056K
  class space    used 2518K, capacity 2682K, committed 2688K, reserved 1048576K
}
Event: 1.507 GC heap after
{Heap after GC invocations=2 (full 0):
 garbage-first heap   total 258048K, used 16684K [0x0000000080000000, 0x0000000100000000)
  region size 1024K, 11 young (11264K), 11 survivors (11264K)
 Metaspace       used 20829K, capacity 21191K, committed 21296K, reserved 1069056K
  class space    used 2518K, capacity 2682K, committed 2688K, reserved 1048576K
}
Event: 1.681 GC heap before
{Heap before GC invocations=3 (full 0):
 garbage-first heap   total 258048K, used 38188K [0x0000000080000000, 0x0000000100000000)
  region size 1024K, 32 young (32768K), 11 survivors (11264K)
 Metaspace       used 22672K, capacity 23270K, committed 23472K, reserved 1069056K
  class space    used 2848K, capacity 3062K, committed 3072K, reserved 1048576K
}
Event: 1.686 GC heap after
{Heap after GC invocations=4 (full 0):
 garbage-first heap   total 258048K, used 17741K [0x0000000080000000, 0x0000000100000000)
  region size 1024K, 2 young (2048K), 2 survivors (2048K)
 Metaspace       used 22672K, capacity 23270K, committed 23472K, reserved 1069056K
  class space    used 2848K, capacity 3062K, committed 3072K, reserved 1048576K
}
Event: 2.552 GC heap before
{Heap before GC invocations=4 (full 0):
 garbage-first heap   total 258048K, used 110925K [0x0000000080000000, 0x0000000100000000)
  region size 1024K, 94 young (96256K), 2 survivors (2048K)
 Metaspace       used 34960K, capacity 35749K, committed 35920K, reserved 1081344K
  class space    used 4465K, capacity 4780K, committed 4864K, reserved 1048576K
}
Event: 2.558 GC heap after
{Heap after GC invocations=5 (full 0):
 garbage-first heap   total 258048K, used 21944K [0x0000000080000000, 0x0000000100000000)
  region size 1024K, 6 young (6144K), 6 survivors (6144K)
 Metaspace       used 34960K, capacity 35749K, committed 35920K, reserved 1081344K
  class space    used 4465K, capacity 4780K, committed 4864K, reserved 1048576K
}
Event: 3.630 GC heap before
{Heap before GC invocations=6 (full 0):
 garbage-first heap   total 258048K, used 149944K [0x0000000080000000, 0x0000000100000000)
  region size 1024K, 128 young (131072K), 6 survivors (6144K)
 Metaspace       used 45437K, capacity 46539K, committed 46800K, reserved 1089536K
  class space    used 5751K, capacity 6146K, committed 6272K, reserved 1048576K
}
Event: 3.636 GC heap after
{Heap after GC invocations=7 (full 0):
 garbage-first heap   total 258048K, used 29722K [0x0000000080000000, 0x0000000100000000)
  region size 1024K, 13 young (13312K), 13 survivors (13312K)
 Metaspace       used 45437K, capacity 46539K, committed 46800K, reserved 1089536K
  class space    used 5751K, capacity 6146K, committed 6272K, reserved 1048576K
}
Event: 4.728 GC heap before
{Heap before GC invocations=7 (full 0):
 garbage-first heap   total 258048K, used 175130K [0x0000000080000000, 0x0000000100000000)
  region size 1024K, 151 young (154624K), 13 survivors (13312K)
 Metaspace       used 55628K, capacity 57109K, committed 57296K, reserved 1099776K
  class space    used 6964K, capacity 7542K, committed 7552K, reserved 1048576K
}
Event: 4.737 GC heap after
{Heap after GC invocations=8 (full 0):
 garbage-first heap   total 258048K, used 45180K [0x0000000080000000, 0x0000000100000000)
  region size 1024K, 19 young (19456K), 19 survivors (19456K)
 Metaspace       used 55628K, capacity 57109K, committed 57296K, reserved 1099776K
  class space    used 6964K, capacity 7542K, committed 7552K, reserved 1048576K
}
Event: 4.932 GC heap before
{Heap before GC invocations=8 (full 0):
 garbage-first heap   total 258048K, used 65660K [0x0000000080000000, 0x0000000100000000)
  region size 1024K, 40 young (40960K), 19 survivors (19456K)
 Metaspace       used 58641K, capacity 60124K, committed 60240K, reserved 1101824K
  class space    used 7302K, capacity 7859K, committed 7936K, reserved 1048576K
}
Event: 4.944 GC heap after
{Heap after GC invocations=9 (full 0):
 garbage-first heap   total 258048K, used 47664K [0x0000000080000000, 0x0000000100000000)
  region size 1024K, 3 young (3072K), 3 survivors (3072K)
 Metaspace       used 58641K, capacity 60124K, committed 60240K, reserved 1101824K
  class space    used 7302K, capacity 7859K, committed 7936K, reserved 1048576K
}
Event: 5.870 GC heap before
{Heap before GC invocations=10 (full 0):
 garbage-first heap   total 258048K, used 179760K [0x0000000080000000, 0x0000000100000000)
  region size 1024K, 125 young (128000K), 3 survivors (3072K)
 Metaspace       used 66860K, capacity 68606K, committed 68816K, reserved 1110016K
  class space    used 8369K, capacity 8982K, committed 9088K, reserved 1048576K
}
Event: 5.875 GC heap after
{Heap after GC invocations=11 (full 0):
 garbage-first heap   total 258048K, used 55469K [0x0000000080000000, 0x0000000100000000)
  region size 1024K, 11 young (11264K), 11 survivors (11264K)
 Metaspace       used 66860K, capacity 68606K, committed 68816K, reserved 1110016K
  class space    used 8369K, capacity 8982K, committed 9088K, reserved 1048576K
}

