# JRE version: OpenJDK Runtime Environment (11.0.13) (build 11.0.13+0-b1751.21-8125866)
# Java VM: OpenJDK 64-Bit Server VM (11.0.13+0-b1751.21-8125866, mixed mode, tiered, compressed oops, g1 gc, windows-amd64)
Heap:
 garbage-first heap   total 258048K, used 73331K [0x0000000080000000, 0x0000000100000000)
  region size 1024K, 29 young (29696K), 11 survivors (11264K)
 Metaspace       used 67103K, capacity 68805K, committed 69072K, reserved 1112064K
  class space    used 8397K, capacity 9027K, committed 9088K, reserved 1048576K
GC Heap History (16 events):
Event: 0.567 GC heap before
{Heap before GC invocations=0 (full 0):
 garbage-first heap   total 258048K, used 29696K [0x0000000080000000, 0x0000000100000000)
  region size 1024K, 24 young (24576K), 0 survivors (0K)
 Metaspace       used 9722K, capacity 9968K, committed 10112K, reserved 1058816K
  class space    used 983K, capacity 1069K, committed 1152K, reserved 1048576K
}
Event: 0.571 GC heap after
{Heap after GC invocations=1 (full 0):
 garbage-first heap   total 258048K, used 9209K [0x0000000080000000, 0x0000000100000000)
  region size 1024K, 3 young (3072K), 3 survivors (3072K)
 Metaspace       used 9722K, capacity 9968K, committed 10112K, reserved 1058816K
  class space    used 983K, capacity 1069K, committed 1152K, reserved 1048576K
}
Event: 1.730 GC heap before
{Heap before GC invocations=1 (full 0):
 garbage-first heap   total 258048K, used 115705K [0x0000000080000000, 0x0000000100000000)
  region size 1024K, 108 young (110592K), 3 survivors (3072K)
 Metaspace       used 20852K, capacity 21191K, committed 21296K, reserved 1069056K
  class space    used 2521K, capacity 2682K, committed 2688K, reserved 1048576K
}
Event: 1.737 GC heap after
{Heap after GC invocations=2 (full 0):
 garbage-first heap   total 258048K, used 16869K [0x0000000080000000, 0x0000000100000000)
  region size 1024K, 11 young (11264K), 11 survivors (11264K)
 Metaspace       used 20852K, capacity 21191K, committed 21296K, reserved 1069056K
  class space    used 2521K, capacity 2682K, committed 2688K, reserved 1048576K
}
Event: 2.001 GC heap before
{Heap before GC invocations=3 (full 0):
 garbage-first heap   total 258048K, used 56805K [0x0000000080000000, 0x0000000100000000)
  region size 1024K, 50 young (51200K), 11 survivors (11264K)
 Metaspace       used 24683K, capacity 25194K, committed 25264K, reserved 1071104K
  class space    used 3133K, capacity 3319K, committed 3328K, reserved 1048576K
}
Event: 2.006 GC heap after
{Heap after GC invocations=4 (full 0):
 garbage-first heap   total 258048K, used 18794K [0x0000000080000000, 0x0000000100000000)
  region size 1024K, 2 young (2048K), 2 survivors (2048K)
 Metaspace       used 24683K, capacity 25194K, committed 25264K, reserved 1071104K
  class space    used 3133K, capacity 3319K, committed 3328K, reserved 1048576K
}
Event: 2.804 GC heap before
{Heap before GC invocations=4 (full 0):
 garbage-first heap   total 258048K, used 92522K [0x0000000080000000, 0x0000000100000000)
  region size 1024K, 75 young (76800K), 2 survivors (2048K)
 Metaspace       used 34963K, capacity 35749K, committed 35920K, reserved 1081344K
  class space    used 4469K, capacity 4780K, committed 4864K, reserved 1048576K
}
Event: 2.809 GC heap after
{Heap after GC invocations=5 (full 0):
 garbage-first heap   total 258048K, used 22513K [0x0000000080000000, 0x0000000100000000)
  region size 1024K, 6 young (6144K), 6 survivors (6144K)
 Metaspace       used 34963K, capacity 35749K, committed 35920K, reserved 1081344K
  class space    used 4469K, capacity 4780K, committed 4864K, reserved 1048576K
}
Event: 3.897 GC heap before
{Heap before GC invocations=6 (full 0):
 garbage-first heap   total 258048K, used 140273K [0x0000000080000000, 0x0000000100000000)
  region size 1024K, 118 young (120832K), 6 survivors (6144K)
 Metaspace       used 44761K, capacity 45884K, committed 46160K, reserved 1089536K
  class space    used 5629K, capacity 6033K, committed 6144K, reserved 1048576K
}
Event: 3.903 GC heap after
{Heap after GC invocations=7 (full 0):
 garbage-first heap   total 258048K, used 30049K [0x0000000080000000, 0x0000000100000000)
  region size 1024K, 13 young (13312K), 13 survivors (13312K)
 Metaspace       used 44761K, capacity 45884K, committed 46160K, reserved 1089536K
  class space    used 5629K, capacity 6033K, committed 6144K, reserved 1048576K
}
Event: 4.827 GC heap before
{Heap before GC invocations=7 (full 0):
 garbage-first heap   total 258048K, used 175457K [0x0000000080000000, 0x0000000100000000)
  region size 1024K, 151 young (154624K), 13 survivors (13312K)
 Metaspace       used 53800K, capacity 55205K, committed 55376K, reserved 1097728K
  class space    used 6785K, capacity 7313K, committed 7424K, reserved 1048576K
}
Event: 4.835 GC heap after
{Heap after GC invocations=8 (full 0):
 garbage-first heap   total 258048K, used 45580K [0x0000000080000000, 0x0000000100000000)
  region size 1024K, 19 young (19456K), 19 survivors (19456K)
 Metaspace       used 53800K, capacity 55205K, committed 55376K, reserved 1097728K
  class space    used 6785K, capacity 7313K, committed 7424K, reserved 1048576K
}
Event: 5.130 GC heap before
{Heap before GC invocations=8 (full 0):
 garbage-first heap   total 258048K, used 78348K [0x0000000080000000, 0x0000000100000000)
  region size 1024K, 52 young (53248K), 19 survivors (19456K)
 Metaspace       used 58642K, capacity 60151K, committed 60240K, reserved 1101824K
  class space    used 7306K, capacity 7868K, committed 7936K, reserved 1048576K
}
Event: 5.141 GC heap after
{Heap after GC invocations=9 (full 0):
 garbage-first heap   total 258048K, used 48182K [0x0000000080000000, 0x0000000100000000)
  region size 1024K, 4 young (4096K), 4 survivors (4096K)
 Metaspace       used 58642K, capacity 60151K, committed 60240K, reserved 1101824K
  class space    used 7306K, capacity 7868K, committed 7936K, reserved 1048576K
}
Event: 5.996 GC heap before
{Heap before GC invocations=10 (full 0):
 garbage-first heap   total 258048K, used 180278K [0x0000000080000000, 0x0000000100000000)
  region size 1024K, 126 young (129024K), 4 survivors (4096K)
 Metaspace       used 66887K, capacity 68575K, committed 68816K, reserved 1110016K
  class space    used 8377K, capacity 8994K, committed 9088K, reserved 1048576K
}
Event: 6.001 GC heap after
{Heap after GC invocations=11 (full 0):
 garbage-first heap   total 258048K, used 55923K [0x0000000080000000, 0x0000000100000000)
  region size 1024K, 11 young (11264K), 11 survivors (11264K)
 Metaspace       used 66887K, capacity 68575K, committed 68816K, reserved 1110016K
  class space    used 8377K, capacity 8994K, committed 9088K, reserved 1048576K
}

